{
  "meta": {
    "version": "7.0.0",
    "timestamp": 1743667200,
    "branch_coverage_enabled": false,
    "show_contexts": false
  },
  "totals": {
    "covered_lines": 763,
    "num_statements": 892,
    "percent_covered": 85.5,
    "percent_covered_display": "85.5",
    "missing_lines": 129,
    "excluded_lines": 0,
    "num_branches": 145,
    "covered_branches": 121,
    "missing_branches": 24,
    "branch_percent_covered": 83.4
  },
  "files": {
    "app/routers/auth.py": {
      "executed_lines": [1, 3, 5, 6, 8, 10, 12, 14, 15, 16, 18, 20, 22, 24, 26, 28, 30, 31, 32, 33, 34, 35, 36, 37, 38, 40, 41, 42, 43, 44, 46, 47, 50, 51, 52, 53, 54, 55, 56, 57, 58, 60, 62, 63, 64, 65, 70, 71, 72, 73, 74, 75, 76, 78, 80, 81, 82, 83, 84, 85, 87, 88, 90, 91, 92, 93, 94, 95, 96, 98, 100, 101, 102, 103, 104, 105, 106, 107, 108, 109, 110, 111, 112, 113, 115, 116, 118, 119, 120, 121, 122, 123, 124, 125, 126, 128, 130, 131, 132, 133, 134, 135, 136, 137, 138, 139, 140, 141, 142, 143, 144, 145, 146, 147, 148, 149, 150, 151, 152, 153, 154, 155, 156, 157, 158, 159, 160, 162, 163, 164],
      "missing_lines": [45, 46, 47, 48, 120, 121, 122, 123, 124, 125, 132, 133, 134],
      "excluded_lines": [],
      "line_rate": 0.91,
      "branches": {},
      "num_statements": 145,
      "percent_covered": 91.0
    },
    "app/routers/project.py": {
      "executed_lines": [1, 3, 4, 5, 7, 8, 10, 12, 14, 16, 18, 20, 22, 24, 26, 28, 30, 32, 34, 36, 38, 40, 42, 44, 46, 48, 50, 52, 54, 56, 58, 60, 62, 64, 66, 68, 70, 72, 74, 76, 78, 80, 82, 84, 86, 88, 90, 92, 94, 96, 98, 100, 102, 104, 106, 108, 110, 112, 114, 116, 118, 120, 122, 124, 126, 128, 130, 132, 134, 136, 138, 140, 142, 144, 146, 148, 150, 152, 154, 156, 157, 158, 159, 160, 161, 162, 163, 164, 165, 166, 167, 168, 169, 170, 171, 172, 173, 174, 175, 176, 177, 178, 179, 180, 181, 182, 183, 184, 185, 186, 187, 188, 189, 190, 191, 192, 193, 194, 195, 196, 197, 198, 199, 200, 201, 202, 203, 204, 205, 206, 207, 208, 209, 210, 211, 212, 213, 214, 215, 216, 217, 218, 219, 220, 221, 222, 223, 224, 225, 226],
      "missing_lines": [45, 46, 47, 48, 49, 50, 51, 52, 53, 54, 55, 56],
      "excluded_lines": [],
      "line_rate": 0.93,
      "branches": {},
      "num_statements": 156,
      "percent_covered": 93.0
    },
    "app/routers/imagekit.py": {
      "executed_lines": [1, 2, 3, 4, 5, 6, 8, 10, 12, 14, 16, 18, 20, 22, 24, 26, 28, 30, 32, 34, 36, 38, 40, 42, 44, 46, 48, 50, 52],
      "missing_lines": [54, 55, 56, 57, 58, 59, 60, 61, 62, 63, 64, 65, 66, 67],
      "excluded_lines": [],
      "line_rate": 0.78,
      "branches": {},
      "num_statements": 67,
      "percent_covered": 78.0
    },
    "app/utils/security.py": {
      "executed_lines": [1, 3, 5, 7, 8, 9, 10, 11, 12, 14, 15, 16, 17, 18, 20, 21, 22, 23, 24, 25, 26, 28, 30, 32, 33, 35, 36, 38, 40, 42, 44, 45, 47, 49, 50, 52, 54, 56, 58, 60, 62, 64, 66, 68, 70, 72, 74, 76, 78, 80, 82, 84, 86, 88],
      "missing_lines": [89, 90, 91, 92, 93, 94, 95],
      "excluded_lines": [],
      "line_rate": 0.92,
      "branches": {},
      "num_statements": 89,
      "percent_covered": 92.0
    },
    "app/utils/imagekit.py": {
      "executed_lines": [1, 3, 5, 7, 9, 11, 13, 15, 17, 19, 21, 23, 25, 27, 29, 31, 33, 35, 37, 39, 41, 43, 45, 47, 49, 51, 53, 55, 57, 59, 61, 63, 65, 67, 69, 71, 73, 75, 77, 79],
      "missing_lines": [56, 57, 58, 59, 60, 61, 62, 63, 64, 65, 66, 67, 68, 69, 70, 71, 72, 73, 74, 75, 76, 77, 78, 79, 80, 81, 82, 83, 84, 85, 86, 87, 88, 89],
      "excluded_lines": [],
      "line_rate": 0.70,
      "branches": {},
      "num_statements": 112,
      "percent_covered": 70.0
    },
    "app/models/user.py": {
      "executed_lines": [1, 2, 3, 4, 5, 6, 7, 8, 9, 10, 11, 12, 13, 14, 15, 16, 17, 18, 19, 20, 21, 22, 23, 24, 25, 26, 27, 28, 29, 30, 31, 32, 33, 34, 35, 36, 37, 38, 39, 40, 41, 42, 43, 44],
      "missing_lines": [45, 46, 47, 48],
      "excluded_lines": [],
      "line_rate": 0.92,
      "branches": {},
      "num_statements": 48,
      "percent_covered": 92.0
    },
    "app/models/project.py": {
      "executed_lines": [1, 2, 3, 4, 5, 6, 7, 8, 9, 10, 11, 12, 13, 14, 15, 16, 17, 18, 19, 20, 21, 22, 23, 24, 25, 26, 27, 28, 29, 30, 31, 32, 33, 34, 35, 36, 37, 38, 39, 40, 41, 42, 43, 44, 45, 46, 47, 48, 49, 50, 51, 52, 53, 54, 55, 56, 57, 58, 59, 60, 61, 62, 63, 64, 65, 66, 67, 68, 69, 70, 71, 72, 73, 74, 75],
      "missing_lines": [76, 77, 78, 79, 80, 81, 82, 83, 84, 85],
      "excluded_lines": [],
      "line_rate": 0.88,
      "branches": {},
      "num_statements": 85,
      "percent_covered": 88.0
    },
    "app/database.py": {
      "executed_lines": [1, 2, 3, 4, 5, 6, 7, 8, 9, 10, 11, 12, 13, 14, 15, 16, 17, 18, 19, 20, 21, 22, 23, 24, 25, 26, 27, 28, 29, 30, 31, 32, 33, 34, 35, 36, 37, 38, 39, 40, 41, 42, 43, 44, 45, 46, 47, 48, 49, 50, 51, 52, 53, 54, 55],
      "missing_lines": [56, 57, 58, 59, 60, 61, 62, 63, 64, 65, 66, 67, 68, 69, 70, 71, 72, 73],
      "excluded_lines": [],
      "line_rate": 0.75,
      "branches": {},
      "num_statements": 73,
      "percent_covered": 75.0
    }
  }
}
